[0m[[0m[0mdebug[0m] [0m[0m> Exec(__runWatch console0, Some(ee8839f4-05ce-4285-8806-668c8389423c), Some(CommandSource(console0)))[0m
[0m[[0m[0mdebug[0m] [0m[0m> Exec(sbtStashOnFailure, None, Some(CommandSource(console0)))[0m
[0m[[0m[0mdebug[0m] [0m[0m> Exec(__preWatch console0, None, Some(CommandSource(console0)))[0m
[0m[[0m[0mdebug[0m] [0m[0m> Exec(run, None, Some(CommandSource(console0)))[0m
[0m[[0m[0mdebug[0m] [0m[0mEvaluating tasks: Compile / run[0m
[0m[[0m[0mdebug[0m] [0m[0mRunning task... Cancel: Signal, check cycles: false, forcegc: true[0m
[0m[[0m[0minfo[0m] [0m[0mcompiling 1 Scala source to /Users/sam/dev/aoc_2023/scala/day_2/target/scala-3.4.2/classes ...[0m
[0m[[0m[31merror[0m] [0m[0m[31m[31m-- [E006] Not Found Error: /Users/sam/dev/aoc_2023/scala/day_2/src/main/scala/Main.scala:24:28 [0m[0m[0m
[0m[[0m[31merror[0m] [0m[0m[31m24 |[0m      sets.foreach { [36mset[0m => s[0m
[0m[[0m[31merror[0m] [0m[0m[31m[31m   |[0m                            ^[0m[0m
[0m[[0m[31merror[0m] [0m[0m[31m   |[0m                            Not found: s[0m
[0m[[0m[31merror[0m] [0m[0m[31m   |[0m[0m
[0m[[0m[31merror[0m] [0m[0m[31m   |[0m longer explanation available when compiling with `-explain`[0m
[0m[[0m[31merror[0m] [0m[0m[31m[31m-- [E006] Not Found Error: /Users/sam/dev/aoc_2023/scala/day_2/src/main/scala/Main.scala:29:20 [0m[0m[0m
[0m[[0m[31merror[0m] [0m[0m[31m29 |[0m        [33mval[0m [36mcolor[0m = parts([31m1[0m)[0m
[0m[[0m[31merror[0m] [0m[0m[31m[31m   |[0m                    ^^^^^[0m[0m
[0m[[0m[31merror[0m] [0m[0m[31m   |[0m                    Not found: parts - did you mean pairs?[0m
[0m[[0m[31merror[0m] [0m[0m[31m   |[0m[0m
[0m[[0m[31merror[0m] [0m[0m[31m   |[0m longer explanation available when compiling with `-explain`[0m
[0m[[0m[31merror[0m] [0m[0m[31m[31m-- [E006] Not Found Error: /Users/sam/dev/aoc_2023/scala/day_2/src/main/scala/Main.scala:30:20 [0m[0m[0m
[0m[[0m[31merror[0m] [0m[0m[31m30 |[0m        [33mval[0m [36mcount[0m = parts([31m0[0m).toInt[0m
[0m[[0m[31merror[0m] [0m[0m[31m[31m   |[0m                    ^^^^^[0m[0m
[0m[[0m[31merror[0m] [0m[0m[31m   |[0m                    Not found: parts - did you mean pairs?[0m
[0m[[0m[31merror[0m] [0m[0m[31m   |[0m[0m
[0m[[0m[31merror[0m] [0m[0m[31m   |[0m longer explanation available when compiling with `-explain`[0m
[0m[[0m[31merror[0m] [0m[0mthree errors found[0m
[0m[[0m[31merror[0m] [0m[0m(Compile / [31mcompileIncremental[0m) Compilation failed[0m
[0m[[0m[31merror[0m] [0m[0mTotal time: 0 s, completed 22 Aug. 2024, 8:05:41 am[0m
[0m[[0m[0mdebug[0m] [0m[0m> Exec(resumeFromFailure, None, Some(CommandSource(console0)))[0m
[0m[[0m[0mdebug[0m] [0m[0m> Exec(sbtPopOnFailure, None, Some(CommandSource(console0)))[0m
[0m[[0m[0mdebug[0m] [0m[0m> Exec(__postWatch console0, None, Some(CommandSource(console0)))[0m
[0m[[0m[0mdebug[0m] [0m[0m> Exec(resumeFromFailure, None, None)[0m
[0m[[0m[0mdebug[0m] [0m[0m> Exec(__waitWatch console0, None, None)[0m
